[2020-03-29 08:49:54.224] [renderer1] [error] <semantic> TypeScript Server Error (3.8.3)
Debug Failure. False expression: `JsxText` tokens should not be the first child of `JsxElement | JsxSelfClosingElement`
Error: Debug Failure. False expression: `JsxText` tokens should not be the first child of `JsxElement | JsxSelfClosingElement`
    at findRightmostChildNodeWithTokens (tsserver.js:106401:26)
    at find (tsserver.js:106378:29)
    at findPrecedingToken (tsserver.js:106342:22)
    at getTokenAtPositionWorker (tsserver.js:106292:41)
    at getTouchingToken (tsserver.js:106266:16)
    at Object.getTouchingPropertyName (tsserver.js:106258:16)
    at Proxy.getQuickInfoAtPosition (tsserver.js:135375:27)
    at IOSession.Session.getQuickInfoWorker (tsserver.js:145332:62)
    at Session.handlers.ts.createMapFromTemplate._a.<computed> (tsserver.js:144335:61)
    at tsserver.js:146003:88
    at IOSession.Session.executeWithRequestId (tsserver.js:145994:28)
    at IOSession.Session.executeCommand (tsserver.js:146003:33)
    at IOSession.Session.onMessage (tsserver.js:146027:35)
    at Interface.<anonymous> (tsserver.js:147342:27)
    at Interface.emit (events.js:203:13)
    at Interface._onLine (readline.js:316:10)
    at Interface._normalWrite (readline.js:461:12)
    at Socket.ondata (readline.js:172:10)
    at Socket.emit (events.js:203:13)
    at addChunk (_stream_readable.js:295:12)
    at readableAddChunk (_stream_readable.js:276:11)
    at Socket.Readable.push (_stream_readable.js:210:10)
    at Pipe.onStreamRead (internal/stream_base_commons.js:166:17): Error: <semantic> TypeScript Server Error (3.8.3)
Debug Failure. False expression: `JsxText` tokens should not be the first child of `JsxElement | JsxSelfClosingElement`
Error: Debug Failure. False expression: `JsxText` tokens should not be the first child of `JsxElement | JsxSelfClosingElement`
    at findRightmostChildNodeWithTokens (tsserver.js:106401:26)
    at find (tsserver.js:106378:29)
    at findPrecedingToken (tsserver.js:106342:22)
    at getTokenAtPositionWorker (tsserver.js:106292:41)
    at getTouchingToken (tsserver.js:106266:16)
    at Object.getTouchingPropertyName (tsserver.js:106258:16)
    at Proxy.getQuickInfoAtPosition (tsserver.js:135375:27)
    at IOSession.Session.getQuickInfoWorker (tsserver.js:145332:62)
    at Session.handlers.ts.createMapFromTemplate._a.<computed> (tsserver.js:144335:61)
    at tsserver.js:146003:88
    at IOSession.Session.executeWithRequestId (tsserver.js:145994:28)
    at IOSession.Session.executeCommand (tsserver.js:146003:33)
    at IOSession.Session.onMessage (tsserver.js:146027:35)
    at Interface.<anonymous> (tsserver.js:147342:27)
    at Interface.emit (events.js:203:13)
    at Interface._onLine (readline.js:316:10)
    at Interface._normalWrite (readline.js:461:12)
    at Socket.ondata (readline.js:172:10)
    at Socket.emit (events.js:203:13)
    at addChunk (_stream_readable.js:295:12)
    at readableAddChunk (_stream_readable.js:276:11)
    at Socket.Readable.push (_stream_readable.js:210:10)
    at Pipe.onStreamRead (internal/stream_base_commons.js:166:17)
	at Function.create (/usr/share/code/resources/app/extensions/typescript-language-features/dist/extension.js:1:49958)
	at h.dispatchResponse (/usr/share/code/resources/app/extensions/typescript-language-features/dist/extension.js:1:216914)
	at h.dispatchMessage (/usr/share/code/resources/app/extensions/typescript-language-features/dist/extension.js:1:215832)
	at /usr/share/code/resources/app/extensions/typescript-language-features/dist/extension.js:1:215308
	at l.fire (/usr/share/code/resources/app/out/vs/workbench/services/extensions/node/extensionHostProcess.js:48:845)
	at t.Reader.onLengthData (/usr/share/code/resources/app/extensions/typescript-language-features/dist/extension.js:1:223870)
	at Socket.<anonymous> (/usr/share/code/resources/app/extensions/typescript-language-features/dist/extension.js:1:223518)
	at Socket.emit (events.js:203:13)
	at addChunk (_stream_readable.js:295:12)
	at readableAddChunk (_stream_readable.js:276:11)
	at Socket.Readable.push (_stream_readable.js:210:10)
	at Pipe.onStreamRead (internal/stream_base_commons.js:166:17)
[2020-03-29 08:58:37.410] [renderer1] [error] <semantic> TypeScript Server Error (3.8.3)
Debug Failure. Token and statement should start at the same point. {"statementKind":"ReturnStatement","tokenKind":"Identifier","errorCode":7027,"start":1630,"length":4}
Error: Debug Failure. Token and statement should start at the same point. {"statementKind":"ReturnStatement","tokenKind":"Identifier","errorCode":7027,"start":1630,"length":4}
    at doChange (tsserver.js:129428:26)
    at tsserver.js:129411:96
    at Function.ChangeTracker.with (tsserver.js:123413:17)
    at Object.getCodeActions (tsserver.js:129411:64)
    at tsserver.js:124540:77
    at Object.flatMap (tsserver.js:465:25)
    at Object.getFixes (tsserver.js:124540:23)
    at tsserver.js:135666:35
    at Object.flatMap (tsserver.js:465:25)
    at Proxy.getCodeFixesAtPosition (tsserver.js:135664:23)
    at IOSession.Session.getCodeFixes (tsserver.js:145753:64)
    at Session.handlers.ts.createMapFromTemplate._a.<computed> (tsserver.js:144510:61)
    at tsserver.js:146003:88
    at IOSession.Session.executeWithRequestId (tsserver.js:145994:28)
    at IOSession.Session.executeCommand (tsserver.js:146003:33)
    at IOSession.Session.onMessage (tsserver.js:146027:35)
    at Interface.<anonymous> (tsserver.js:147342:27)
    at Interface.emit (events.js:203:13)
    at Interface._onLine (readline.js:316:10)
    at Interface._normalWrite (readline.js:461:12)
    at Socket.ondata (readline.js:172:10)
    at Socket.emit (events.js:203:13)
    at addChunk (_stream_readable.js:295:12)
    at readableAddChunk (_stream_readable.js:276:11)
    at Socket.Readable.push (_stream_readable.js:210:10)
    at Pipe.onStreamRead (internal/stream_base_commons.js:166:17): Error: <semantic> TypeScript Server Error (3.8.3)
Debug Failure. Token and statement should start at the same point. {"statementKind":"ReturnStatement","tokenKind":"Identifier","errorCode":7027,"start":1630,"length":4}
Error: Debug Failure. Token and statement should start at the same point. {"statementKind":"ReturnStatement","tokenKind":"Identifier","errorCode":7027,"start":1630,"length":4}
    at doChange (tsserver.js:129428:26)
    at tsserver.js:129411:96
    at Function.ChangeTracker.with (tsserver.js:123413:17)
    at Object.getCodeActions (tsserver.js:129411:64)
    at tsserver.js:124540:77
    at Object.flatMap (tsserver.js:465:25)
    at Object.getFixes (tsserver.js:124540:23)
    at tsserver.js:135666:35
    at Object.flatMap (tsserver.js:465:25)
    at Proxy.getCodeFixesAtPosition (tsserver.js:135664:23)
    at IOSession.Session.getCodeFixes (tsserver.js:145753:64)
    at Session.handlers.ts.createMapFromTemplate._a.<computed> (tsserver.js:144510:61)
    at tsserver.js:146003:88
    at IOSession.Session.executeWithRequestId (tsserver.js:145994:28)
    at IOSession.Session.executeCommand (tsserver.js:146003:33)
    at IOSession.Session.onMessage (tsserver.js:146027:35)
    at Interface.<anonymous> (tsserver.js:147342:27)
    at Interface.emit (events.js:203:13)
    at Interface._onLine (readline.js:316:10)
    at Interface._normalWrite (readline.js:461:12)
    at Socket.ondata (readline.js:172:10)
    at Socket.emit (events.js:203:13)
    at addChunk (_stream_readable.js:295:12)
    at readableAddChunk (_stream_readable.js:276:11)
    at Socket.Readable.push (_stream_readable.js:210:10)
    at Pipe.onStreamRead (internal/stream_base_commons.js:166:17)
	at Function.create (/usr/share/code/resources/app/extensions/typescript-language-features/dist/extension.js:1:49958)
	at h.dispatchResponse (/usr/share/code/resources/app/extensions/typescript-language-features/dist/extension.js:1:216914)
	at h.dispatchMessage (/usr/share/code/resources/app/extensions/typescript-language-features/dist/extension.js:1:215832)
	at /usr/share/code/resources/app/extensions/typescript-language-features/dist/extension.js:1:215308
	at l.fire (/usr/share/code/resources/app/out/vs/workbench/services/extensions/node/extensionHostProcess.js:48:845)
	at t.Reader.onLengthData (/usr/share/code/resources/app/extensions/typescript-language-features/dist/extension.js:1:223870)
	at Socket.<anonymous> (/usr/share/code/resources/app/extensions/typescript-language-features/dist/extension.js:1:223518)
	at Socket.emit (events.js:203:13)
	at addChunk (_stream_readable.js:295:12)
	at readableAddChunk (_stream_readable.js:276:11)
	at Socket.Readable.push (_stream_readable.js:210:10)
	at Pipe.onStreamRead (internal/stream_base_commons.js:166:17)
[2020-03-29 12:43:53.648] [renderer1] [error] <semantic> TypeScript Server Error (3.8.3)
Debug Failure. Did not expect JsxClosingFragment to have an Identifier in its trivia
Error: Debug Failure. Did not expect JsxClosingFragment to have an Identifier in its trivia
    at addSyntheticNodes (tsserver.js:134312:30)
    at createChildren (tsserver.js:134301:9)
    at NodeObject.getChildren (tsserver.js:134245:56)
    at getTokenAtPositionWorker (tsserver.js:106279:43)
    at Object.getTokenAtPosition (tsserver.js:106271:16)
    at getInfo (tsserver.js:130516:28)
    at Object.getAvailableActions (tsserver.js:130500:28)
    at tsserver.js:124592:128
    at getIterator (tsserver.js:519:23)
    at Object.flatMapIterator (tsserver.js:502:27)
    at Object.getApplicableRefactors (tsserver.js:124591:36)
    at Proxy.getApplicableRefactors (tsserver.js:135901:32)
    at IOSession.Session.getApplicableRefactors (tsserver.js:145703:53)
    at Session.handlers.ts.createMapFromTemplate._a.<computed> (tsserver.js:144528:61)
    at tsserver.js:146003:88
    at IOSession.Session.executeWithRequestId (tsserver.js:145994:28)
    at IOSession.Session.executeCommand (tsserver.js:146003:33)
    at IOSession.Session.onMessage (tsserver.js:146027:35)
    at Interface.<anonymous> (tsserver.js:147342:27)
    at Interface.emit (events.js:203:13)
    at Interface._onLine (readline.js:316:10)
    at Interface._normalWrite (readline.js:461:12)
    at Socket.ondata (readline.js:172:10)
    at Socket.emit (events.js:203:13)
    at addChunk (_stream_readable.js:295:12)
    at readableAddChunk (_stream_readable.js:276:11)
    at Socket.Readable.push (_stream_readable.js:210:10)
    at Pipe.onStreamRead (internal/stream_base_commons.js:166:17): Error: <semantic> TypeScript Server Error (3.8.3)
Debug Failure. Did not expect JsxClosingFragment to have an Identifier in its trivia
Error: Debug Failure. Did not expect JsxClosingFragment to have an Identifier in its trivia
    at addSyntheticNodes (tsserver.js:134312:30)
    at createChildren (tsserver.js:134301:9)
    at NodeObject.getChildren (tsserver.js:134245:56)
    at getTokenAtPositionWorker (tsserver.js:106279:43)
    at Object.getTokenAtPosition (tsserver.js:106271:16)
    at getInfo (tsserver.js:130516:28)
    at Object.getAvailableActions (tsserver.js:130500:28)
    at tsserver.js:124592:128
    at getIterator (tsserver.js:519:23)
    at Object.flatMapIterator (tsserver.js:502:27)
    at Object.getApplicableRefactors (tsserver.js:124591:36)
    at Proxy.getApplicableRefactors (tsserver.js:135901:32)
    at IOSession.Session.getApplicableRefactors (tsserver.js:145703:53)
    at Session.handlers.ts.createMapFromTemplate._a.<computed> (tsserver.js:144528:61)
    at tsserver.js:146003:88
    at IOSession.Session.executeWithRequestId (tsserver.js:145994:28)
    at IOSession.Session.executeCommand (tsserver.js:146003:33)
    at IOSession.Session.onMessage (tsserver.js:146027:35)
    at Interface.<anonymous> (tsserver.js:147342:27)
    at Interface.emit (events.js:203:13)
    at Interface._onLine (readline.js:316:10)
    at Interface._normalWrite (readline.js:461:12)
    at Socket.ondata (readline.js:172:10)
    at Socket.emit (events.js:203:13)
    at addChunk (_stream_readable.js:295:12)
    at readableAddChunk (_stream_readable.js:276:11)
    at Socket.Readable.push (_stream_readable.js:210:10)
    at Pipe.onStreamRead (internal/stream_base_commons.js:166:17)
	at Function.create (/usr/share/code/resources/app/extensions/typescript-language-features/dist/extension.js:1:49958)
	at h.dispatchResponse (/usr/share/code/resources/app/extensions/typescript-language-features/dist/extension.js:1:216914)
	at h.dispatchMessage (/usr/share/code/resources/app/extensions/typescript-language-features/dist/extension.js:1:215832)
	at /usr/share/code/resources/app/extensions/typescript-language-features/dist/extension.js:1:215308
	at l.fire (/usr/share/code/resources/app/out/vs/workbench/services/extensions/node/extensionHostProcess.js:48:845)
	at t.Reader.onLengthData (/usr/share/code/resources/app/extensions/typescript-language-features/dist/extension.js:1:223870)
	at Socket.<anonymous> (/usr/share/code/resources/app/extensions/typescript-language-features/dist/extension.js:1:223518)
	at Socket.emit (events.js:203:13)
	at addChunk (_stream_readable.js:295:12)
	at readableAddChunk (_stream_readable.js:276:11)
	at Socket.Readable.push (_stream_readable.js:210:10)
	at Pipe.onStreamRead (internal/stream_base_commons.js:166:17)
[2020-03-29 12:43:54.769] [renderer1] [error] <semantic> TypeScript Server Error (3.8.3)
Debug Failure. Did not expect JsxClosingFragment to have an Identifier in its trivia
Error: Debug Failure. Did not expect JsxClosingFragment to have an Identifier in its trivia
    at addSyntheticNodes (tsserver.js:134312:30)
    at createChildren (tsserver.js:134301:9)
    at NodeObject.getChildren (tsserver.js:134245:56)
    at getTokenAtPositionWorker (tsserver.js:106279:43)
    at Object.getTokenAtPosition (tsserver.js:106271:16)
    at getInfo (tsserver.js:130516:28)
    at Object.getAvailableActions (tsserver.js:130500:28)
    at tsserver.js:124592:128
    at getIterator (tsserver.js:519:23)
    at Object.flatMapIterator (tsserver.js:502:27)
    at Object.getApplicableRefactors (tsserver.js:124591:36)
    at Proxy.getApplicableRefactors (tsserver.js:135901:32)
    at IOSession.Session.getApplicableRefactors (tsserver.js:145703:53)
    at Session.handlers.ts.createMapFromTemplate._a.<computed> (tsserver.js:144528:61)
    at tsserver.js:146003:88
    at IOSession.Session.executeWithRequestId (tsserver.js:145994:28)
    at IOSession.Session.executeCommand (tsserver.js:146003:33)
    at IOSession.Session.onMessage (tsserver.js:146027:35)
    at Interface.<anonymous> (tsserver.js:147342:27)
    at Interface.emit (events.js:203:13)
    at Interface._onLine (readline.js:316:10)
    at Interface._normalWrite (readline.js:461:12)
    at Socket.ondata (readline.js:172:10)
    at Socket.emit (events.js:203:13)
    at addChunk (_stream_readable.js:295:12)
    at readableAddChunk (_stream_readable.js:276:11)
    at Socket.Readable.push (_stream_readable.js:210:10)
    at Pipe.onStreamRead (internal/stream_base_commons.js:166:17): Error: <semantic> TypeScript Server Error (3.8.3)
Debug Failure. Did not expect JsxClosingFragment to have an Identifier in its trivia
Error: Debug Failure. Did not expect JsxClosingFragment to have an Identifier in its trivia
    at addSyntheticNodes (tsserver.js:134312:30)
    at createChildren (tsserver.js:134301:9)
    at NodeObject.getChildren (tsserver.js:134245:56)
    at getTokenAtPositionWorker (tsserver.js:106279:43)
    at Object.getTokenAtPosition (tsserver.js:106271:16)
    at getInfo (tsserver.js:130516:28)
    at Object.getAvailableActions (tsserver.js:130500:28)
    at tsserver.js:124592:128
    at getIterator (tsserver.js:519:23)
    at Object.flatMapIterator (tsserver.js:502:27)
    at Object.getApplicableRefactors (tsserver.js:124591:36)
    at Proxy.getApplicableRefactors (tsserver.js:135901:32)
    at IOSession.Session.getApplicableRefactors (tsserver.js:145703:53)
    at Session.handlers.ts.createMapFromTemplate._a.<computed> (tsserver.js:144528:61)
    at tsserver.js:146003:88
    at IOSession.Session.executeWithRequestId (tsserver.js:145994:28)
    at IOSession.Session.executeCommand (tsserver.js:146003:33)
    at IOSession.Session.onMessage (tsserver.js:146027:35)
    at Interface.<anonymous> (tsserver.js:147342:27)
    at Interface.emit (events.js:203:13)
    at Interface._onLine (readline.js:316:10)
    at Interface._normalWrite (readline.js:461:12)
    at Socket.ondata (readline.js:172:10)
    at Socket.emit (events.js:203:13)
    at addChunk (_stream_readable.js:295:12)
    at readableAddChunk (_stream_readable.js:276:11)
    at Socket.Readable.push (_stream_readable.js:210:10)
    at Pipe.onStreamRead (internal/stream_base_commons.js:166:17)
	at Function.create (/usr/share/code/resources/app/extensions/typescript-language-features/dist/extension.js:1:49958)
	at h.dispatchResponse (/usr/share/code/resources/app/extensions/typescript-language-features/dist/extension.js:1:216914)
	at h.dispatchMessage (/usr/share/code/resources/app/extensions/typescript-language-features/dist/extension.js:1:215832)
	at /usr/share/code/resources/app/extensions/typescript-language-features/dist/extension.js:1:215308
	at l.fire (/usr/share/code/resources/app/out/vs/workbench/services/extensions/node/extensionHostProcess.js:48:845)
	at t.Reader.onLengthData (/usr/share/code/resources/app/extensions/typescript-language-features/dist/extension.js:1:223870)
	at Socket.<anonymous> (/usr/share/code/resources/app/extensions/typescript-language-features/dist/extension.js:1:223518)
	at Socket.emit (events.js:203:13)
	at addChunk (_stream_readable.js:295:12)
	at readableAddChunk (_stream_readable.js:276:11)
	at Socket.Readable.push (_stream_readable.js:210:10)
	at Pipe.onStreamRead (internal/stream_base_commons.js:166:17)
[2020-03-29 12:45:38.400] [renderer1] [error] <semantic> TypeScript Server Error (3.8.3)
Debug Failure. Did not expect JsxClosingFragment to have an Identifier in its trivia
Error: Debug Failure. Did not expect JsxClosingFragment to have an Identifier in its trivia
    at addSyntheticNodes (tsserver.js:134312:30)
    at createChildren (tsserver.js:134301:9)
    at NodeObject.getChildren (tsserver.js:134245:56)
    at getTokenAtPositionWorker (tsserver.js:106279:43)
    at getTokenAtPosition (tsserver.js:106271:16)
    at Object.findTokenOnLeftOfPosition (tsserver.js:106312:31)
    at getRangeToExtract (tsserver.js:130971:53)
    at Object.getAvailableActions (tsserver.js:130827:38)
    at tsserver.js:124592:128
    at getIterator (tsserver.js:519:23)
    at Object.next (tsserver.js:514:35)
    at Object.arrayFrom (tsserver.js:1178:40)
    at Object.getApplicableRefactors (tsserver.js:124591:23)
    at Proxy.getApplicableRefactors (tsserver.js:135901:32)
    at IOSession.Session.getApplicableRefactors (tsserver.js:145703:53)
    at Session.handlers.ts.createMapFromTemplate._a.<computed> (tsserver.js:144528:61)
    at tsserver.js:146003:88
    at IOSession.Session.executeWithRequestId (tsserver.js:145994:28)
    at IOSession.Session.executeCommand (tsserver.js:146003:33)
    at IOSession.Session.onMessage (tsserver.js:146027:35)
    at Interface.<anonymous> (tsserver.js:147342:27)
    at Interface.emit (events.js:203:13)
    at Interface._onLine (readline.js:316:10)
    at Interface._normalWrite (readline.js:461:12)
    at Socket.ondata (readline.js:172:10)
    at Socket.emit (events.js:203:13)
    at addChunk (_stream_readable.js:295:12)
    at readableAddChunk (_stream_readable.js:276:11)
    at Socket.Readable.push (_stream_readable.js:210:10)
    at Pipe.onStreamRead (internal/stream_base_commons.js:166:17): Error: <semantic> TypeScript Server Error (3.8.3)
Debug Failure. Did not expect JsxClosingFragment to have an Identifier in its trivia
Error: Debug Failure. Did not expect JsxClosingFragment to have an Identifier in its trivia
    at addSyntheticNodes (tsserver.js:134312:30)
    at createChildren (tsserver.js:134301:9)
    at NodeObject.getChildren (tsserver.js:134245:56)
    at getTokenAtPositionWorker (tsserver.js:106279:43)
    at getTokenAtPosition (tsserver.js:106271:16)
    at Object.findTokenOnLeftOfPosition (tsserver.js:106312:31)
    at getRangeToExtract (tsserver.js:130971:53)
    at Object.getAvailableActions (tsserver.js:130827:38)
    at tsserver.js:124592:128
    at getIterator (tsserver.js:519:23)
    at Object.next (tsserver.js:514:35)
    at Object.arrayFrom (tsserver.js:1178:40)
    at Object.getApplicableRefactors (tsserver.js:124591:23)
    at Proxy.getApplicableRefactors (tsserver.js:135901:32)
    at IOSession.Session.getApplicableRefactors (tsserver.js:145703:53)
    at Session.handlers.ts.createMapFromTemplate._a.<computed> (tsserver.js:144528:61)
    at tsserver.js:146003:88
    at IOSession.Session.executeWithRequestId (tsserver.js:145994:28)
    at IOSession.Session.executeCommand (tsserver.js:146003:33)
    at IOSession.Session.onMessage (tsserver.js:146027:35)
    at Interface.<anonymous> (tsserver.js:147342:27)
    at Interface.emit (events.js:203:13)
    at Interface._onLine (readline.js:316:10)
    at Interface._normalWrite (readline.js:461:12)
    at Socket.ondata (readline.js:172:10)
    at Socket.emit (events.js:203:13)
    at addChunk (_stream_readable.js:295:12)
    at readableAddChunk (_stream_readable.js:276:11)
    at Socket.Readable.push (_stream_readable.js:210:10)
    at Pipe.onStreamRead (internal/stream_base_commons.js:166:17)
	at Function.create (/usr/share/code/resources/app/extensions/typescript-language-features/dist/extension.js:1:49958)
	at h.dispatchResponse (/usr/share/code/resources/app/extensions/typescript-language-features/dist/extension.js:1:216914)
	at h.dispatchMessage (/usr/share/code/resources/app/extensions/typescript-language-features/dist/extension.js:1:215832)
	at /usr/share/code/resources/app/extensions/typescript-language-features/dist/extension.js:1:215308
	at l.fire (/usr/share/code/resources/app/out/vs/workbench/services/extensions/node/extensionHostProcess.js:48:845)
	at t.Reader.onLengthData (/usr/share/code/resources/app/extensions/typescript-language-features/dist/extension.js:1:223870)
	at Socket.<anonymous> (/usr/share/code/resources/app/extensions/typescript-language-features/dist/extension.js:1:223518)
	at Socket.emit (events.js:203:13)
	at addChunk (_stream_readable.js:295:12)
	at readableAddChunk (_stream_readable.js:276:11)
	at Socket.Readable.push (_stream_readable.js:210:10)
	at Pipe.onStreamRead (internal/stream_base_commons.js:166:17)
[2020-03-29 12:47:31.610] [renderer1] [error] <semantic> TypeScript Server Error (3.8.3)
Debug Failure. Did not expect JsxClosingFragment to have an Identifier in its trivia
Error: Debug Failure. Did not expect JsxClosingFragment to have an Identifier in its trivia
    at addSyntheticNodes (tsserver.js:134312:30)
    at createChildren (tsserver.js:134301:9)
    at NodeObject.getChildren (tsserver.js:134245:56)
    at find (tsserver.js:106349:30)
    at find (tsserver.js:106369:32)
    at find (tsserver.js:106369:32)
    at find (tsserver.js:106369:32)
    at find (tsserver.js:106369:32)
    at find (tsserver.js:106369:32)
    at find (tsserver.js:106369:32)
    at find (tsserver.js:106369:32)
    at find (tsserver.js:106369:32)
    at find (tsserver.js:106369:32)
    at find (tsserver.js:106369:32)
    at Object.findPrecedingToken (tsserver.js:106342:22)
    at Object.getCompletionsAtPosition (tsserver.js:109563:35)
    at Proxy.getCompletionsAtPosition (tsserver.js:135360:35)
    at IOSession.Session.getCompletions (tsserver.js:145435:64)
    at Session.handlers.ts.createMapFromTemplate._a.<computed> (tsserver.js:144383:61)
    at tsserver.js:146003:88
    at IOSession.Session.executeWithRequestId (tsserver.js:145994:28)
    at IOSession.Session.executeCommand (tsserver.js:146003:33)
    at IOSession.Session.onMessage (tsserver.js:146027:35)
    at Interface.<anonymous> (tsserver.js:147342:27)
    at Interface.emit (events.js:203:13)
    at Interface._onLine (readline.js:316:10)
    at Interface._normalWrite (readline.js:461:12)
    at Socket.ondata (readline.js:172:10)
    at Socket.emit (events.js:203:13)
    at addChunk (_stream_readable.js:295:12)
    at readableAddChunk (_stream_readable.js:276:11)
    at Socket.Readable.push (_stream_readable.js:210:10)
    at Pipe.onStreamRead (internal/stream_base_commons.js:166:17): Error: <semantic> TypeScript Server Error (3.8.3)
Debug Failure. Did not expect JsxClosingFragment to have an Identifier in its trivia
Error: Debug Failure. Did not expect JsxClosingFragment to have an Identifier in its trivia
    at addSyntheticNodes (tsserver.js:134312:30)
    at createChildren (tsserver.js:134301:9)
    at NodeObject.getChildren (tsserver.js:134245:56)
    at find (tsserver.js:106349:30)
    at find (tsserver.js:106369:32)
    at find (tsserver.js:106369:32)
    at find (tsserver.js:106369:32)
    at find (tsserver.js:106369:32)
    at find (tsserver.js:106369:32)
    at find (tsserver.js:106369:32)
    at find (tsserver.js:106369:32)
    at find (tsserver.js:106369:32)
    at find (tsserver.js:106369:32)
    at find (tsserver.js:106369:32)
    at Object.findPrecedingToken (tsserver.js:106342:22)
    at Object.getCompletionsAtPosition (tsserver.js:109563:35)
    at Proxy.getCompletionsAtPosition (tsserver.js:135360:35)
    at IOSession.Session.getCompletions (tsserver.js:145435:64)
    at Session.handlers.ts.createMapFromTemplate._a.<computed> (tsserver.js:144383:61)
    at tsserver.js:146003:88
    at IOSession.Session.executeWithRequestId (tsserver.js:145994:28)
    at IOSession.Session.executeCommand (tsserver.js:146003:33)
    at IOSession.Session.onMessage (tsserver.js:146027:35)
    at Interface.<anonymous> (tsserver.js:147342:27)
    at Interface.emit (events.js:203:13)
    at Interface._onLine (readline.js:316:10)
    at Interface._normalWrite (readline.js:461:12)
    at Socket.ondata (readline.js:172:10)
    at Socket.emit (events.js:203:13)
    at addChunk (_stream_readable.js:295:12)
    at readableAddChunk (_stream_readable.js:276:11)
    at Socket.Readable.push (_stream_readable.js:210:10)
    at Pipe.onStreamRead (internal/stream_base_commons.js:166:17)
	at Function.create (/usr/share/code/resources/app/extensions/typescript-language-features/dist/extension.js:1:49958)
	at h.dispatchResponse (/usr/share/code/resources/app/extensions/typescript-language-features/dist/extension.js:1:216914)
	at h.dispatchMessage (/usr/share/code/resources/app/extensions/typescript-language-features/dist/extension.js:1:215832)
	at /usr/share/code/resources/app/extensions/typescript-language-features/dist/extension.js:1:215308
	at l.fire (/usr/share/code/resources/app/out/vs/workbench/services/extensions/node/extensionHostProcess.js:48:845)
	at t.Reader.onLengthData (/usr/share/code/resources/app/extensions/typescript-language-features/dist/extension.js:1:223870)
	at Socket.<anonymous> (/usr/share/code/resources/app/extensions/typescript-language-features/dist/extension.js:1:223518)
	at Socket.emit (events.js:203:13)
	at addChunk (_stream_readable.js:295:12)
	at readableAddChunk (_stream_readable.js:276:11)
	at Socket.Readable.push (_stream_readable.js:210:10)
	at Pipe.onStreamRead (internal/stream_base_commons.js:166:17)
[2020-03-29 12:47:31.715] [renderer1] [error] <semantic> TypeScript Server Error (3.8.3)
Debug Failure. Did not expect JsxClosingFragment to have an Identifier in its trivia
Error: Debug Failure. Did not expect JsxClosingFragment to have an Identifier in its trivia
    at addSyntheticNodes (tsserver.js:134312:30)
    at createChildren (tsserver.js:134301:9)
    at NodeObject.getChildren (tsserver.js:134245:56)
    at getTokenAtPositionWorker (tsserver.js:106279:43)
    at Object.getTokenAtPosition (tsserver.js:106271:16)
    at getInfo (tsserver.js:130516:28)
    at Object.getAvailableActions (tsserver.js:130500:28)
    at tsserver.js:124592:128
    at getIterator (tsserver.js:519:23)
    at Object.flatMapIterator (tsserver.js:502:27)
    at Object.getApplicableRefactors (tsserver.js:124591:36)
    at Proxy.getApplicableRefactors (tsserver.js:135901:32)
    at IOSession.Session.getApplicableRefactors (tsserver.js:145703:53)
    at Session.handlers.ts.createMapFromTemplate._a.<computed> (tsserver.js:144528:61)
    at tsserver.js:146003:88
    at IOSession.Session.executeWithRequestId (tsserver.js:145994:28)
    at IOSession.Session.executeCommand (tsserver.js:146003:33)
    at IOSession.Session.onMessage (tsserver.js:146027:35)
    at Interface.<anonymous> (tsserver.js:147342:27)
    at Interface.emit (events.js:203:13)
    at Interface._onLine (readline.js:316:10)
    at Interface._normalWrite (readline.js:461:12)
    at Socket.ondata (readline.js:172:10)
    at Socket.emit (events.js:203:13)
    at addChunk (_stream_readable.js:295:12)
    at readableAddChunk (_stream_readable.js:276:11)
    at Socket.Readable.push (_stream_readable.js:210:10)
    at Pipe.onStreamRead (internal/stream_base_commons.js:166:17): Error: <semantic> TypeScript Server Error (3.8.3)
Debug Failure. Did not expect JsxClosingFragment to have an Identifier in its trivia
Error: Debug Failure. Did not expect JsxClosingFragment to have an Identifier in its trivia
    at addSyntheticNodes (tsserver.js:134312:30)
    at createChildren (tsserver.js:134301:9)
    at NodeObject.getChildren (tsserver.js:134245:56)
    at getTokenAtPositionWorker (tsserver.js:106279:43)
    at Object.getTokenAtPosition (tsserver.js:106271:16)
    at getInfo (tsserver.js:130516:28)
    at Object.getAvailableActions (tsserver.js:130500:28)
    at tsserver.js:124592:128
    at getIterator (tsserver.js:519:23)
    at Object.flatMapIterator (tsserver.js:502:27)
    at Object.getApplicableRefactors (tsserver.js:124591:36)
    at Proxy.getApplicableRefactors (tsserver.js:135901:32)
    at IOSession.Session.getApplicableRefactors (tsserver.js:145703:53)
    at Session.handlers.ts.createMapFromTemplate._a.<computed> (tsserver.js:144528:61)
    at tsserver.js:146003:88
    at IOSession.Session.executeWithRequestId (tsserver.js:145994:28)
    at IOSession.Session.executeCommand (tsserver.js:146003:33)
    at IOSession.Session.onMessage (tsserver.js:146027:35)
    at Interface.<anonymous> (tsserver.js:147342:27)
    at Interface.emit (events.js:203:13)
    at Interface._onLine (readline.js:316:10)
    at Interface._normalWrite (readline.js:461:12)
    at Socket.ondata (readline.js:172:10)
    at Socket.emit (events.js:203:13)
    at addChunk (_stream_readable.js:295:12)
    at readableAddChunk (_stream_readable.js:276:11)
    at Socket.Readable.push (_stream_readable.js:210:10)
    at Pipe.onStreamRead (internal/stream_base_commons.js:166:17)
	at Function.create (/usr/share/code/resources/app/extensions/typescript-language-features/dist/extension.js:1:49958)
	at h.dispatchResponse (/usr/share/code/resources/app/extensions/typescript-language-features/dist/extension.js:1:216914)
	at h.dispatchMessage (/usr/share/code/resources/app/extensions/typescript-language-features/dist/extension.js:1:215832)
	at /usr/share/code/resources/app/extensions/typescript-language-features/dist/extension.js:1:215308
	at l.fire (/usr/share/code/resources/app/out/vs/workbench/services/extensions/node/extensionHostProcess.js:48:845)
	at t.Reader.onLengthData (/usr/share/code/resources/app/extensions/typescript-language-features/dist/extension.js:1:223870)
	at Socket.<anonymous> (/usr/share/code/resources/app/extensions/typescript-language-features/dist/extension.js:1:223518)
	at Socket.emit (events.js:203:13)
	at addChunk (_stream_readable.js:295:12)
	at readableAddChunk (_stream_readable.js:276:11)
	at Socket.Readable.push (_stream_readable.js:210:10)
	at Pipe.onStreamRead (internal/stream_base_commons.js:166:17)
[2020-03-29 12:47:33.048] [renderer1] [error] <semantic> TypeScript Server Error (3.8.3)
Debug Failure. Did not expect JsxClosingFragment to have an Identifier in its trivia
Error: Debug Failure. Did not expect JsxClosingFragment to have an Identifier in its trivia
    at addSyntheticNodes (tsserver.js:134312:30)
    at createChildren (tsserver.js:134301:9)
    at NodeObject.getChildren (tsserver.js:134245:56)
    at getTokenAtPositionWorker (tsserver.js:106279:43)
    at Object.getTokenAtPosition (tsserver.js:106271:16)
    at getInfo (tsserver.js:130516:28)
    at Object.getAvailableActions (tsserver.js:130500:28)
    at tsserver.js:124592:128
    at getIterator (tsserver.js:519:23)
    at Object.flatMapIterator (tsserver.js:502:27)
    at Object.getApplicableRefactors (tsserver.js:124591:36)
    at Proxy.getApplicableRefactors (tsserver.js:135901:32)
    at IOSession.Session.getApplicableRefactors (tsserver.js:145703:53)
    at Session.handlers.ts.createMapFromTemplate._a.<computed> (tsserver.js:144528:61)
    at tsserver.js:146003:88
    at IOSession.Session.executeWithRequestId (tsserver.js:145994:28)
    at IOSession.Session.executeCommand (tsserver.js:146003:33)
    at IOSession.Session.onMessage (tsserver.js:146027:35)
    at Interface.<anonymous> (tsserver.js:147342:27)
    at Interface.emit (events.js:203:13)
    at Interface._onLine (readline.js:316:10)
    at Interface._normalWrite (readline.js:461:12)
    at Socket.ondata (readline.js:172:10)
    at Socket.emit (events.js:203:13)
    at addChunk (_stream_readable.js:295:12)
    at readableAddChunk (_stream_readable.js:276:11)
    at Socket.Readable.push (_stream_readable.js:210:10)
    at Pipe.onStreamRead (internal/stream_base_commons.js:166:17): Error: <semantic> TypeScript Server Error (3.8.3)
Debug Failure. Did not expect JsxClosingFragment to have an Identifier in its trivia
Error: Debug Failure. Did not expect JsxClosingFragment to have an Identifier in its trivia
    at addSyntheticNodes (tsserver.js:134312:30)
    at createChildren (tsserver.js:134301:9)
    at NodeObject.getChildren (tsserver.js:134245:56)
    at getTokenAtPositionWorker (tsserver.js:106279:43)
    at Object.getTokenAtPosition (tsserver.js:106271:16)
    at getInfo (tsserver.js:130516:28)
    at Object.getAvailableActions (tsserver.js:130500:28)
    at tsserver.js:124592:128
    at getIterator (tsserver.js:519:23)
    at Object.flatMapIterator (tsserver.js:502:27)
    at Object.getApplicableRefactors (tsserver.js:124591:36)
    at Proxy.getApplicableRefactors (tsserver.js:135901:32)
    at IOSession.Session.getApplicableRefactors (tsserver.js:145703:53)
    at Session.handlers.ts.createMapFromTemplate._a.<computed> (tsserver.js:144528:61)
    at tsserver.js:146003:88
    at IOSession.Session.executeWithRequestId (tsserver.js:145994:28)
    at IOSession.Session.executeCommand (tsserver.js:146003:33)
    at IOSession.Session.onMessage (tsserver.js:146027:35)
    at Interface.<anonymous> (tsserver.js:147342:27)
    at Interface.emit (events.js:203:13)
    at Interface._onLine (readline.js:316:10)
    at Interface._normalWrite (readline.js:461:12)
    at Socket.ondata (readline.js:172:10)
    at Socket.emit (events.js:203:13)
    at addChunk (_stream_readable.js:295:12)
    at readableAddChunk (_stream_readable.js:276:11)
    at Socket.Readable.push (_stream_readable.js:210:10)
    at Pipe.onStreamRead (internal/stream_base_commons.js:166:17)
	at Function.create (/usr/share/code/resources/app/extensions/typescript-language-features/dist/extension.js:1:49958)
	at h.dispatchResponse (/usr/share/code/resources/app/extensions/typescript-language-features/dist/extension.js:1:216914)
	at h.dispatchMessage (/usr/share/code/resources/app/extensions/typescript-language-features/dist/extension.js:1:215832)
	at /usr/share/code/resources/app/extensions/typescript-language-features/dist/extension.js:1:215308
	at l.fire (/usr/share/code/resources/app/out/vs/workbench/services/extensions/node/extensionHostProcess.js:48:845)
	at t.Reader.onLengthData (/usr/share/code/resources/app/extensions/typescript-language-features/dist/extension.js:1:223870)
	at Socket.<anonymous> (/usr/share/code/resources/app/extensions/typescript-language-features/dist/extension.js:1:223518)
	at Socket.emit (events.js:203:13)
	at addChunk (_stream_readable.js:295:12)
	at readableAddChunk (_stream_readable.js:276:11)
	at Socket.Readable.push (_stream_readable.js:210:10)
	at Pipe.onStreamRead (internal/stream_base_commons.js:166:17)
